Partition Merge report for DUT
Tue Nov 27 02:32:44 2018
Quartus Prime Version 16.0.0 Build 211 04/27/2016 SJ Lite Edition


---------------------
; Table of Contents ;
---------------------
  1. Legal Notice
  2. Partition Merge Summary
  3. Partition Merge Netlist Types Used
  4. Partition Merge Partition Statistics
  5. Partition Merge Partition Pin Processing
  6. Partition Merge Resource Usage Summary
  7. Partition Merge Messages



----------------
; Legal Notice ;
----------------
Copyright (C) 1991-2016 Altera Corporation. All rights reserved.
Your use of Altera Corporation's design tools, logic functions 
and other software and tools, and its AMPP partner logic 
functions, and any output files from any of the foregoing 
(including device programming or simulation files), and any 
associated documentation or information are expressly subject 
to the terms and conditions of the Altera Program License 
Subscription Agreement, the Altera Quartus Prime License Agreement,
the Altera MegaCore Function License Agreement, or other 
applicable license agreement, including, without limitation, 
that your use is for the sole purpose of programming logic 
devices manufactured by Altera and sold by Altera or its 
authorized distributors.  Please refer to the applicable 
agreement for further details.



+----------------------------------------------------------------------------------+
; Partition Merge Summary                                                          ;
+------------------------------------+---------------------------------------------+
; Partition Merge Status             ; Successful - Tue Nov 27 02:32:44 2018       ;
; Quartus Prime Version              ; 16.0.0 Build 211 04/27/2016 SJ Lite Edition ;
; Revision Name                      ; DUT                                         ;
; Top-level Entity Name              ; DUT                                         ;
; Family                             ; Cyclone IV E                                ;
; Total logic elements               ; 1,179                                       ;
;     Total combinational functions  ; 855                                         ;
;     Dedicated logic registers      ; 484                                         ;
; Total registers                    ; 484                                         ;
; Total pins                         ; 10                                          ;
; Total virtual pins                 ; 0                                           ;
; Total memory bits                  ; 0                                           ;
; Embedded Multiplier 9-bit elements ; 0                                           ;
; Total PLLs                         ; 0                                           ;
+------------------------------------+---------------------------------------------+


+-------------------------------------------------------------------------------------------------------------------------------+
; Partition Merge Netlist Types Used                                                                                            ;
+--------------------------------+----------------+-------------------+------------------------+--------------------------------+
; Partition Name                 ; Partition Type ; Netlist Type Used ; Netlist Type Requested ; Partition Contents             ;
+--------------------------------+----------------+-------------------+------------------------+--------------------------------+
; Top                            ; User-created   ; Source File       ; Source File            ;                                ;
; hard_block:auto_generated_inst ; Auto-generated ; Source File       ; Source File            ; hard_block:auto_generated_inst ;
+--------------------------------+----------------+-------------------+------------------------+--------------------------------+


+-------------------------------------------------------------------------------------+
; Partition Merge Partition Statistics                                                ;
+---------------------------------------------+------+--------------------------------+
; Statistic                                   ; Top  ; hard_block:auto_generated_inst ;
+---------------------------------------------+------+--------------------------------+
; Estimated Total logic elements              ; 1179 ; 0                              ;
;                                             ;      ;                                ;
; Total combinational functions               ; 855  ; 0                              ;
; Logic element usage by number of LUT inputs ;      ;                                ;
;     -- 4 input functions                    ; 675  ; 0                              ;
;     -- 3 input functions                    ; 125  ; 0                              ;
;     -- <=2 input functions                  ; 55   ; 0                              ;
;                                             ;      ;                                ;
; Logic elements by mode                      ;      ;                                ;
;     -- normal mode                          ; 824  ; 0                              ;
;     -- arithmetic mode                      ; 31   ; 0                              ;
;                                             ;      ;                                ;
; Total registers                             ; 484  ; 0                              ;
;     -- Dedicated logic registers            ; 484  ; 0                              ;
;     -- I/O registers                        ; 0    ; 0                              ;
;                                             ;      ;                                ;
; Virtual pins                                ; 0    ; 0                              ;
; I/O pins                                    ; 10   ; 0                              ;
; Embedded Multiplier 9-bit elements          ; 0    ; 0                              ;
; Total memory bits                           ; 0    ; 0                              ;
; Total RAM block bits                        ; 0    ; 0                              ;
;                                             ;      ;                                ;
; Connections                                 ;      ;                                ;
;     -- Input Connections                    ; 0    ; 0                              ;
;     -- Registered Input Connections         ; 0    ; 0                              ;
;     -- Output Connections                   ; 0    ; 0                              ;
;     -- Registered Output Connections        ; 0    ; 0                              ;
;                                             ;      ;                                ;
; Internal Connections                        ;      ;                                ;
;     -- Total Connections                    ; 4622 ; 0                              ;
;     -- Registered Connections               ; 1669 ; 0                              ;
;                                             ;      ;                                ;
; External Connections                        ;      ;                                ;
;     -- Top                                  ; 0    ; 0                              ;
;     -- hard_block:auto_generated_inst       ; 0    ; 0                              ;
;                                             ;      ;                                ;
; Partition Interface                         ;      ;                                ;
;     -- Input Ports                          ; 2    ; 0                              ;
;     -- Output Ports                         ; 8    ; 0                              ;
;     -- Bidir Ports                          ; 0    ; 0                              ;
;                                             ;      ;                                ;
; Registered Ports                            ;      ;                                ;
;     -- Registered Input Ports               ; 0    ; 0                              ;
;     -- Registered Output Ports              ; 0    ; 0                              ;
;                                             ;      ;                                ;
; Port Connectivity                           ;      ;                                ;
;     -- Input Ports driven by GND            ; 0    ; 0                              ;
;     -- Output Ports driven by GND           ; 0    ; 0                              ;
;     -- Input Ports driven by VCC            ; 0    ; 0                              ;
;     -- Output Ports driven by VCC           ; 0    ; 0                              ;
;     -- Input Ports with no Source           ; 0    ; 0                              ;
;     -- Output Ports with no Source          ; 0    ; 0                              ;
;     -- Input Ports with no Fanout           ; 0    ; 0                              ;
;     -- Output Ports with no Fanout          ; 0    ; 0                              ;
+---------------------------------------------+------+--------------------------------+
Note: Resource usage numbers presented for Partitions containing post-synthesis logic are estimates.  For Partitions containing post-fit logic, resource usage numbers are accurate based on previous placement information.  Actual Fitter results may vary depending on current Fitter Preservation Level assignments.


+---------------------------------------------------------------------------+
; Partition Merge Partition Pin Processing                                  ;
+----------------------+-----------+---------------+----------+-------------+
; Name                 ; Partition ; Type          ; Location ; Status      ;
+----------------------+-----------+---------------+----------+-------------+
; clk                  ; Top       ; Input Port    ; n/a      ;             ;
;     -- clk           ; Top       ; Input Pad     ; Unplaced ; Synthesized ;
;     -- clk~input     ; Top       ; Input Buffer  ; Unplaced ; Synthesized ;
;                      ;           ;               ;          ;             ;
; reg[0]               ; Top       ; Output Port   ; n/a      ;             ;
;     -- reg[0]        ; Top       ; Output Pad    ; Unplaced ; Synthesized ;
;     -- reg[0]~output ; Top       ; Output Buffer ; Unplaced ; Synthesized ;
;                      ;           ;               ;          ;             ;
; reg[1]               ; Top       ; Output Port   ; n/a      ;             ;
;     -- reg[1]        ; Top       ; Output Pad    ; Unplaced ; Synthesized ;
;     -- reg[1]~output ; Top       ; Output Buffer ; Unplaced ; Synthesized ;
;                      ;           ;               ;          ;             ;
; reg[2]               ; Top       ; Output Port   ; n/a      ;             ;
;     -- reg[2]        ; Top       ; Output Pad    ; Unplaced ; Synthesized ;
;     -- reg[2]~output ; Top       ; Output Buffer ; Unplaced ; Synthesized ;
;                      ;           ;               ;          ;             ;
; reg[3]               ; Top       ; Output Port   ; n/a      ;             ;
;     -- reg[3]        ; Top       ; Output Pad    ; Unplaced ; Synthesized ;
;     -- reg[3]~output ; Top       ; Output Buffer ; Unplaced ; Synthesized ;
;                      ;           ;               ;          ;             ;
; reg[4]               ; Top       ; Output Port   ; n/a      ;             ;
;     -- reg[4]        ; Top       ; Output Pad    ; Unplaced ; Synthesized ;
;     -- reg[4]~output ; Top       ; Output Buffer ; Unplaced ; Synthesized ;
;                      ;           ;               ;          ;             ;
; reg[5]               ; Top       ; Output Port   ; n/a      ;             ;
;     -- reg[5]        ; Top       ; Output Pad    ; Unplaced ; Synthesized ;
;     -- reg[5]~output ; Top       ; Output Buffer ; Unplaced ; Synthesized ;
;                      ;           ;               ;          ;             ;
; reg[6]               ; Top       ; Output Port   ; n/a      ;             ;
;     -- reg[6]        ; Top       ; Output Pad    ; Unplaced ; Synthesized ;
;     -- reg[6]~output ; Top       ; Output Buffer ; Unplaced ; Synthesized ;
;                      ;           ;               ;          ;             ;
; reg[7]               ; Top       ; Output Port   ; n/a      ;             ;
;     -- reg[7]        ; Top       ; Output Pad    ; Unplaced ; Synthesized ;
;     -- reg[7]~output ; Top       ; Output Buffer ; Unplaced ; Synthesized ;
;                      ;           ;               ;          ;             ;
; reset                ; Top       ; Input Port    ; n/a      ;             ;
;     -- reset         ; Top       ; Input Pad     ; Unplaced ; Synthesized ;
;     -- reset~input   ; Top       ; Input Buffer  ; Unplaced ; Synthesized ;
;                      ;           ;               ;          ;             ;
+----------------------+-----------+---------------+----------+-------------+


+---------------------------------------------------------+
; Partition Merge Resource Usage Summary                  ;
+---------------------------------------------+-----------+
; Resource                                    ; Usage     ;
+---------------------------------------------+-----------+
; Estimated Total logic elements              ; 1,179     ;
;                                             ;           ;
; Total combinational functions               ; 855       ;
; Logic element usage by number of LUT inputs ;           ;
;     -- 4 input functions                    ; 675       ;
;     -- 3 input functions                    ; 125       ;
;     -- <=2 input functions                  ; 55        ;
;                                             ;           ;
; Logic elements by mode                      ;           ;
;     -- normal mode                          ; 824       ;
;     -- arithmetic mode                      ; 31        ;
;                                             ;           ;
; Total registers                             ; 484       ;
;     -- Dedicated logic registers            ; 484       ;
;     -- I/O registers                        ; 0         ;
;                                             ;           ;
; I/O pins                                    ; 10        ;
;                                             ;           ;
; Embedded Multiplier 9-bit elements          ; 0         ;
;                                             ;           ;
; Maximum fan-out node                        ; clk~input ;
; Maximum fan-out                             ; 484       ;
; Total fan-out                               ; 4622      ;
; Average fan-out                             ; 3.40      ;
+---------------------------------------------+-----------+


+--------------------------+
; Partition Merge Messages ;
+--------------------------+
Info: *******************************************************************
Info: Running Quartus Prime Partition Merge
    Info: Version 16.0.0 Build 211 04/27/2016 SJ Lite Edition
    Info: Processing started: Tue Nov 27 02:32:43 2018
Info: Command: quartus_cdb --read_settings_files=off --write_settings_files=off DUT -c DUT --merge=on
Warning (18236): Number of processors has not been specified which may cause overloading on shared machines.  Set the global assignment NUM_PARALLEL_PROCESSORS in your QSF to an appropriate value for best performance.
Critical Warning (138067): Current license file does not support incremental compilation. The Quartus Prime software removes all the user-specified design partitions in the design automatically.
Info (35007): Using synthesis netlist for partition "Top"
Info (35002): Resolved and merged 1 partition(s)
Info (16010): Generating hard_block partition "hard_block:auto_generated_inst"
    Info (16011): Adding 0 node(s), including 0 DDIO, 0 PLL, 0 transceiver and 0 LCELL
Critical Warning (138067): Current license file does not support incremental compilation. The Quartus Prime software removes all the user-specified design partitions in the design automatically.
Info (21057): Implemented 1229 device resources after synthesis - the final resource count might be different
    Info (21058): Implemented 2 input pins
    Info (21059): Implemented 8 output pins
    Info (21061): Implemented 1219 logic cells
Info: Quartus Prime Partition Merge was successful. 0 errors, 3 warnings
    Info: Peak virtual memory: 1442 megabytes
    Info: Processing ended: Tue Nov 27 02:32:44 2018
    Info: Elapsed time: 00:00:01
    Info: Total CPU time (on all processors): 00:00:01


