Flow report for DUT
Tue Nov 27 16:48:52 2018
Quartus Prime Version 16.0.0 Build 211 04/27/2016 SJ Lite Edition


---------------------
; Table of Contents ;
---------------------
  1. Legal Notice
  2. Flow Summary
  3. Flow Settings
  4. Flow Non-Default Global Settings
  5. Flow Elapsed Time
  6. Flow OS Summary
  7. Flow Log
  8. Flow Messages
  9. Flow Suppressed Messages



----------------
; Legal Notice ;
----------------
Copyright (C) 1991-2016 Altera Corporation. All rights reserved.
Your use of Altera Corporation's design tools, logic functions 
and other software and tools, and its AMPP partner logic 
functions, and any output files from any of the foregoing 
(including device programming or simulation files), and any 
associated documentation or information are expressly subject 
to the terms and conditions of the Altera Program License 
Subscription Agreement, the Altera Quartus Prime License Agreement,
the Altera MegaCore Function License Agreement, or other 
applicable license agreement, including, without limitation, 
that your use is for the sole purpose of programming logic 
devices manufactured by Altera and sold by Altera or its 
authorized distributors.  Please refer to the applicable 
agreement for further details.



+----------------------------------------------------------------------------------+
; Flow Summary                                                                     ;
+------------------------------------+---------------------------------------------+
; Flow Status                        ; Successful - Tue Nov 27 16:48:52 2018       ;
; Quartus Prime Version              ; 16.0.0 Build 211 04/27/2016 SJ Lite Edition ;
; Revision Name                      ; DUT                                         ;
; Top-level Entity Name              ; DUT                                         ;
; Family                             ; Cyclone IV E                                ;
; Device                             ; EP4CE22F17C6                                ;
; Timing Models                      ; Final                                       ;
; Total logic elements               ; 1,283 / 22,320 ( 6 % )                      ;
;     Total combinational functions  ; 987 / 22,320 ( 4 % )                        ;
;     Dedicated logic registers      ; 740 / 22,320 ( 3 % )                        ;
; Total registers                    ; 740                                         ;
; Total pins                         ; 10 / 154 ( 6 % )                            ;
; Total virtual pins                 ; 0                                           ;
; Total memory bits                  ; 0 / 608,256 ( 0 % )                         ;
; Embedded Multiplier 9-bit elements ; 0 / 132 ( 0 % )                             ;
; Total PLLs                         ; 0 / 4 ( 0 % )                               ;
+------------------------------------+---------------------------------------------+


+-----------------------------------------+
; Flow Settings                           ;
+-------------------+---------------------+
; Option            ; Setting             ;
+-------------------+---------------------+
; Start date & time ; 11/27/2018 16:45:23 ;
; Main task         ; Compilation         ;
; Revision Name     ; DUT                 ;
+-------------------+---------------------+


+----------------------------------------------------------------------------------------------------------------------------+
; Flow Non-Default Global Settings                                                                                           ;
+-------------------------------------+---------------------------------------+---------------+-------------+----------------+
; Assignment Name                     ; Value                                 ; Default Value ; Entity Name ; Section Id     ;
+-------------------------------------+---------------------------------------+---------------+-------------+----------------+
; COMPILER_SIGNATURE_ID               ; 0.154331732312832                     ; --            ; --          ; --             ;
; EDA_OUTPUT_DATA_FORMAT              ; Verilog Hdl                           ; --            ; --          ; eda_simulation ;
; EDA_SIMULATION_TOOL                 ; ModelSim-Altera (Verilog)             ; <None>        ; --          ; --             ;
; EDA_TIME_SCALE                      ; 1 ps                                  ; --            ; --          ; eda_simulation ;
; MAX_CORE_JUNCTION_TEMP              ; 85                                    ; --            ; --          ; --             ;
; MIN_CORE_JUNCTION_TEMP              ; 0                                     ; --            ; --          ; --             ;
; NOMINAL_CORE_SUPPLY_VOLTAGE         ; 1.2V                                  ; --            ; --          ; --             ;
; PARTITION_COLOR                     ; 16764057                              ; --            ; --          ; Top            ;
; PARTITION_FITTER_PRESERVATION_LEVEL ; PLACEMENT_AND_ROUTING                 ; --            ; --          ; Top            ;
; PARTITION_NETLIST_TYPE              ; SOURCE                                ; --            ; --          ; Top            ;
; POWER_BOARD_THERMAL_MODEL           ; None (CONSERVATIVE)                   ; --            ; --          ; --             ;
; POWER_PRESET_COOLING_SOLUTION       ; 23 MM HEAT SINK WITH 200 LFPM AIRFLOW ; --            ; --          ; --             ;
; PROJECT_OUTPUT_DIRECTORY            ; output_files                          ; --            ; --          ; --             ;
+-------------------------------------+---------------------------------------+---------------+-------------+----------------+


+-------------------------------------------------------------------------------------------------------------------------------+
; Flow Elapsed Time                                                                                                             ;
+---------------------------+--------------+-------------------------+---------------------+------------------------------------+
; Module Name               ; Elapsed Time ; Average Processors Used ; Peak Virtual Memory ; Total CPU Time (on all processors) ;
+---------------------------+--------------+-------------------------+---------------------+------------------------------------+
; Analysis & Synthesis      ; 00:00:26     ; 1.0                     ; 1248 MB             ; 00:00:57                           ;
; Fitter                    ; 00:00:34     ; 1.0                     ; 1502 MB             ; 00:00:40                           ;
; Assembler                 ; 00:00:02     ; 1.0                     ; 1105 MB             ; 00:00:02                           ;
; TimeQuest Timing Analyzer ; 00:00:05     ; 1.2                     ; 1175 MB             ; 00:00:05                           ;
; EDA Netlist Writer        ; 00:00:03     ; 1.0                     ; 1357 MB             ; 00:00:03                           ;
; Total                     ; 00:01:10     ; --                      ; --                  ; 00:01:47                           ;
+---------------------------+--------------+-------------------------+---------------------+------------------------------------+


+-------------------------------------------------------------------------------------------------+
; Flow OS Summary                                                                                 ;
+---------------------------+----------------------+----------------+------------+----------------+
; Module Name               ; Machine Hostname     ; OS Name        ; OS Version ; Processor type ;
+---------------------------+----------------------+----------------+------------+----------------+
; Analysis & Synthesis      ; shubhang-Vostro-3546 ; Ubuntu 16.04.5 ; 16         ; x86_64         ;
; Fitter                    ; shubhang-Vostro-3546 ; Ubuntu 16.04.5 ; 16         ; x86_64         ;
; Assembler                 ; shubhang-Vostro-3546 ; Ubuntu 16.04.5 ; 16         ; x86_64         ;
; TimeQuest Timing Analyzer ; shubhang-Vostro-3546 ; Ubuntu 16.04.5 ; 16         ; x86_64         ;
; EDA Netlist Writer        ; shubhang-Vostro-3546 ; Ubuntu 16.04.5 ; 16         ; x86_64         ;
+---------------------------+----------------------+----------------+------------+----------------+


------------
; Flow Log ;
------------
quartus_map --read_settings_files=on --write_settings_files=off DUT -c DUT
quartus_fit --read_settings_files=off --write_settings_files=off DUT -c DUT
quartus_asm --read_settings_files=off --write_settings_files=off DUT -c DUT
quartus_sta DUT -c DUT
quartus_eda --read_settings_files=off --write_settings_files=off DUT -c DUT



