Flow report for alu2
Sun Dec  2 16:34:24 2018
Quartus Prime Version 16.0.0 Build 211 04/27/2016 SJ Lite Edition


---------------------
; Table of Contents ;
---------------------
  1. Legal Notice
  2. Flow Summary
  3. Flow Settings
  4. Flow Non-Default Global Settings
  5. Flow Elapsed Time
  6. Flow OS Summary
  7. Flow Log
  8. Flow Messages
  9. Flow Suppressed Messages



----------------
; Legal Notice ;
----------------
Copyright (C) 1991-2016 Altera Corporation. All rights reserved.
Your use of Altera Corporation's design tools, logic functions 
and other software and tools, and its AMPP partner logic 
functions, and any output files from any of the foregoing 
(including device programming or simulation files), and any 
associated documentation or information are expressly subject 
to the terms and conditions of the Altera Program License 
Subscription Agreement, the Altera Quartus Prime License Agreement,
the Altera MegaCore Function License Agreement, or other 
applicable license agreement, including, without limitation, 
that your use is for the sole purpose of programming logic 
devices manufactured by Altera and sold by Altera or its 
authorized distributors.  Please refer to the applicable 
agreement for further details.



+----------------------------------------------------------------------------------+
; Flow Summary                                                                     ;
+------------------------------------+---------------------------------------------+
; Flow Status                        ; Successful - Sun Dec  2 16:34:24 2018       ;
; Quartus Prime Version              ; 16.0.0 Build 211 04/27/2016 SJ Lite Edition ;
; Revision Name                      ; alu2                                        ;
; Top-level Entity Name              ; DUT                                         ;
; Family                             ; Cyclone IV E                                ;
; Device                             ; EP4CE22F17C6                                ;
; Timing Models                      ; Final                                       ;
; Total logic elements               ; 530 / 22,320 ( 2 % )                        ;
;     Total combinational functions  ; 490 / 22,320 ( 2 % )                        ;
;     Dedicated logic registers      ; 324 / 22,320 ( 1 % )                        ;
; Total registers                    ; 324                                         ;
; Total pins                         ; 10 / 154 ( 6 % )                            ;
; Total virtual pins                 ; 0                                           ;
; Total memory bits                  ; 1,024 / 608,256 ( < 1 % )                   ;
; Embedded Multiplier 9-bit elements ; 0 / 132 ( 0 % )                             ;
; Total PLLs                         ; 0 / 4 ( 0 % )                               ;
+------------------------------------+---------------------------------------------+


+-----------------------------------------+
; Flow Settings                           ;
+-------------------+---------------------+
; Option            ; Setting             ;
+-------------------+---------------------+
; Start date & time ; 12/02/2018 16:31:24 ;
; Main task         ; Compilation         ;
; Revision Name     ; alu2                ;
+-------------------+---------------------+


+------------------------------------------------------------------------------------------------------------------+
; Flow Non-Default Global Settings                                                                                 ;
+-------------------------------------+-----------------------------+---------------+-------------+----------------+
; Assignment Name                     ; Value                       ; Default Value ; Entity Name ; Section Id     ;
+-------------------------------------+-----------------------------+---------------+-------------+----------------+
; COMPILER_SIGNATURE_ID               ; 0.154374848408504           ; --            ; --          ; --             ;
; EDA_OUTPUT_DATA_FORMAT              ; Vhdl                        ; --            ; --          ; eda_simulation ;
; EDA_SIMULATION_TOOL                 ; ModelSim-Altera (VHDL)      ; <None>        ; --          ; --             ;
; EDA_TIME_SCALE                      ; 1 ps                        ; --            ; --          ; eda_simulation ;
; MAX_CORE_JUNCTION_TEMP              ; 85                          ; --            ; --          ; --             ;
; MIN_CORE_JUNCTION_TEMP              ; 0                           ; --            ; --          ; --             ;
; PARTITION_COLOR                     ; 16764057                    ; --            ; DUT         ; Top            ;
; PARTITION_FITTER_PRESERVATION_LEVEL ; PLACEMENT_AND_ROUTING       ; --            ; DUT         ; Top            ;
; PARTITION_NETLIST_TYPE              ; SOURCE                      ; --            ; DUT         ; Top            ;
; POWER_BOARD_THERMAL_MODEL           ; None (CONSERVATIVE)         ; --            ; --          ; --             ;
; POWER_PRESET_COOLING_SOLUTION       ; No Heat Sink With Still Air ; --            ; --          ; --             ;
; PROJECT_OUTPUT_DIRECTORY            ; output_files                ; --            ; --          ; --             ;
; TOP_LEVEL_ENTITY                    ; DUT                         ; alu2          ; --          ; --             ;
+-------------------------------------+-----------------------------+---------------+-------------+----------------+


+-------------------------------------------------------------------------------------------------------------------------------+
; Flow Elapsed Time                                                                                                             ;
+---------------------------+--------------+-------------------------+---------------------+------------------------------------+
; Module Name               ; Elapsed Time ; Average Processors Used ; Peak Virtual Memory ; Total CPU Time (on all processors) ;
+---------------------------+--------------+-------------------------+---------------------+------------------------------------+
; Analysis & Synthesis      ; 00:00:24     ; 1.0                     ; 1291 MB             ; 00:00:56                           ;
; Fitter                    ; 00:00:14     ; 1.0                     ; 1474 MB             ; 00:00:16                           ;
; Assembler                 ; 00:00:02     ; 1.0                     ; 1099 MB             ; 00:00:02                           ;
; TimeQuest Timing Analyzer ; 00:00:03     ; 1.0                     ; 1164 MB             ; 00:00:03                           ;
; EDA Netlist Writer        ; 00:00:02     ; 1.0                     ; 1348 MB             ; 00:00:02                           ;
; Total                     ; 00:00:45     ; --                      ; --                  ; 00:01:19                           ;
+---------------------------+--------------+-------------------------+---------------------+------------------------------------+


+-------------------------------------------------------------------------------------------------+
; Flow OS Summary                                                                                 ;
+---------------------------+----------------------+----------------+------------+----------------+
; Module Name               ; Machine Hostname     ; OS Name        ; OS Version ; Processor type ;
+---------------------------+----------------------+----------------+------------+----------------+
; Analysis & Synthesis      ; shubhang-Vostro-3546 ; Ubuntu 16.04.5 ; 16         ; x86_64         ;
; Fitter                    ; shubhang-Vostro-3546 ; Ubuntu 16.04.5 ; 16         ; x86_64         ;
; Assembler                 ; shubhang-Vostro-3546 ; Ubuntu 16.04.5 ; 16         ; x86_64         ;
; TimeQuest Timing Analyzer ; shubhang-Vostro-3546 ; Ubuntu 16.04.5 ; 16         ; x86_64         ;
; EDA Netlist Writer        ; shubhang-Vostro-3546 ; Ubuntu 16.04.5 ; 16         ; x86_64         ;
+---------------------------+----------------------+----------------+------------+----------------+


------------
; Flow Log ;
------------
quartus_map --read_settings_files=on --write_settings_files=off alu2 -c alu2
quartus_fit --read_settings_files=off --write_settings_files=off alu2 -c alu2
quartus_asm --read_settings_files=off --write_settings_files=off alu2 -c alu2
quartus_sta alu2 -c alu2
quartus_eda --read_settings_files=off --write_settings_files=off alu2 -c alu2



